SF:lib\services\progress_service.dart
DA:15,4
DA:16,2
DA:21,2
DA:22,4
DA:26,2
DA:27,2
DA:29,4
DA:31,2
DA:35,4
DA:38,2
DA:39,8
DA:40,2
DA:41,2
DA:46,0
DA:47,0
DA:52,2
DA:53,2
DA:54,8
DA:58,2
DA:59,2
DA:61,4
DA:63,2
DA:67,2
DA:68,4
DA:69,2
DA:71,4
DA:72,4
DA:74,2
DA:79,0
DA:80,0
DA:85,2
DA:86,2
DA:88,2
DA:89,4
DA:90,10
DA:93,6
DA:97,2
DA:98,1
DA:101,2
DA:102,2
DA:103,2
DA:106,2
DA:109,2
DA:111,10
DA:115,2
DA:116,2
DA:119,8
DA:120,6
DA:121,8
DA:122,8
DA:123,8
DA:125,4
DA:127,4
DA:128,2
DA:129,2
DA:130,2
DA:133,2
DA:138,1
DA:139,0
DA:142,1
DA:147,5
DA:151,1
DA:152,1
DA:154,4
DA:155,3
DA:156,4
DA:157,4
DA:158,4
DA:160,2
DA:161,2
DA:162,1
DA:163,1
DA:164,1
DA:169,0
DA:170,0
DA:171,0
DA:172,0
DA:173,0
DA:174,0
DA:177,0
DA:181,2
DA:182,2
DA:183,4
DA:184,4
DA:185,0
DA:188,2
DA:192,2
DA:193,2
DA:194,8
DA:198,1
DA:199,1
DA:200,2
DA:204,1
DA:211,2
DA:212,2
DA:213,4
DA:214,4
DA:215,4
DA:216,2
DA:220,1
DA:221,1
DA:222,1
DA:223,1
DA:225,1
DA:226,1
DA:227,1
DA:228,1
DA:229,1
DA:231,1
DA:232,1
DA:233,1
LF:111
LH:98
end_of_record
SF:lib\models\streak_data.dart
DA:10,3
DA:18,3
DA:19,3
DA:23,3
DA:28,3
DA:29,3
DA:30,3
DA:31,3
DA:32,3
DA:33,6
DA:35,6
DA:40,3
DA:41,3
DA:42,3
DA:43,3
DA:44,6
DA:45,6
DA:50,3
DA:51,3
DA:52,3
DA:53,3
DA:54,3
DA:58,3
DA:59,3
DA:61,6
DA:67,3
DA:68,6
DA:69,6
DA:70,6
DA:74,3
DA:79,6
DA:80,4
DA:81,2
DA:83,4
DA:85,2
DA:90,2
DA:92,2
DA:99,3
DA:100,3
DA:102,3
DA:103,12
DA:104,3
DA:105,6
DA:106,6
DA:107,6
DA:111,9
DA:112,2
DA:114,2
DA:115,2
DA:124,2
DA:125,4
DA:127,4
DA:129,4
DA:130,4
DA:131,2
DA:132,2
DA:134,2
DA:139,2
DA:140,4
DA:141,4
DA:142,2
DA:146,0
DA:148,0
DA:151,1
DA:154,1
DA:155,3
DA:156,3
DA:157,3
DA:158,3
DA:161,1
DA:163,3
DA:164,3
DA:165,3
DA:166,2
LF:74
LH:72
end_of_record
SF:lib\models\heatmap_data.dart
DA:9,2
DA:16,2
DA:17,2
DA:18,8
DA:20,2
DA:25,2
DA:26,2
DA:27,4
DA:28,2
DA:29,4
DA:34,2
DA:35,2
DA:36,4
DA:37,2
DA:38,2
DA:43,2
DA:44,4
DA:48,2
DA:49,2
DA:50,4
DA:51,6
DA:56,1
DA:57,2
DA:61,5
DA:62,1
DA:63,1
DA:64,1
DA:74,1
DA:75,2
DA:76,2
DA:77,2
DA:82,0
DA:83,0
DA:84,0
DA:86,0
DA:88,0
DA:90,0
DA:98,0
DA:99,0
DA:101,0
DA:104,0
DA:109,2
DA:110,2
DA:111,8
DA:112,4
DA:116,0
DA:117,0
DA:118,0
DA:119,0
DA:123,1
DA:125,4
DA:129,3
DA:131,0
DA:133,0
DA:136,0
DA:139,0
DA:140,0
DA:141,0
DA:142,0
DA:145,0
DA:147,0
DA:151,0
DA:152,0
DA:153,0
DA:154,0
DA:165,2
DA:171,2
DA:172,2
DA:173,2
DA:175,4
DA:176,4
DA:177,2
DA:180,2
DA:187,2
DA:188,10
DA:192,1
DA:193,2
DA:197,0
DA:198,0
DA:199,0
DA:203,2
DA:204,6
DA:205,8
DA:206,8
DA:207,8
DA:209,4
DA:211,4
DA:212,2
DA:214,2
DA:216,2
DA:221,2
DA:222,2
DA:223,2
DA:224,10
LF:94
LH:64
end_of_record
SF:lib\data\sunnah_norms.dart
DA:78,1
DA:79,3
DA:83,1
DA:85,1
DA:87,1
DA:89,1
DA:91,1
DA:93,1
DA:95,1
DA:103,1
DA:104,2
DA:110,2
DA:111,1
DA:112,2
DA:113,1
DA:116,2
LF:16
LH:16
end_of_record
SF:lib\widgets\weekly_heatmap.dart
DA:12,1
DA:16,1
DA:18,1
DA:19,1
DA:26,1
DA:28,1
DA:29,1
DA:32,1
DA:33,2
DA:34,2
DA:35,3
DA:36,1
DA:42,0
DA:43,0
DA:44,0
DA:45,0
DA:48,0
DA:49,0
DA:50,0
DA:51,0
DA:56,1
DA:58,1
DA:65,1
DA:72,1
DA:74,1
DA:76,1
DA:77,1
DA:78,1
DA:79,1
DA:86,1
DA:88,1
DA:89,1
DA:91,1
DA:93,1
DA:99,1
DA:100,1
DA:102,1
DA:103,1
DA:105,1
DA:115,1
DA:116,3
DA:117,1
DA:119,1
DA:124,2
DA:125,0
DA:127,0
DA:128,0
DA:129,0
DA:131,0
DA:137,1
DA:138,1
DA:140,6
DA:144,1
DA:145,2
DA:146,1
DA:148,1
DA:149,1
DA:150,0
DA:151,1
DA:153,1
DA:154,1
DA:156,1
DA:157,1
DA:158,1
DA:161,1
DA:167,1
DA:170,1
DA:172,1
DA:174,1
DA:177,1
DA:178,2
DA:179,1
DA:180,2
DA:181,1
DA:184,2
DA:186,0
DA:196,1
DA:197,2
DA:198,1
DA:200,1
DA:210,1
DA:212,1
DA:213,1
DA:214,1
DA:215,0
DA:216,1
DA:217,0
DA:218,1
DA:219,1
DA:221,0
DA:225,1
DA:226,1
DA:227,1
DA:228,1
DA:230,1
DA:232,1
DA:238,1
DA:239,1
DA:240,2
DA:242,2
DA:244,2
DA:246,2
DA:251,1
DA:253,1
DA:255,1
DA:262,1
DA:263,1
DA:266,1
DA:268,1
DA:273,0
DA:274,0
DA:275,0
DA:276,0
DA:277,0
DA:278,0
DA:281,0
DA:282,0
DA:283,0
DA:286,0
DA:293,0
DA:295,0
DA:296,0
DA:300,0
DA:301,0
DA:302,0
DA:312,0
DA:313,0
DA:314,0
DA:322,0
DA:325,0
LF:130
LH:91
end_of_record
SF:lib\services\debug_service.dart
DA:18,2
DA:19,1
DA:24,1
DA:25,2
DA:29,1
DA:30,1
DA:31,2
DA:35,1
DA:36,1
DA:37,1
DA:38,2
DA:39,2
DA:43,1
DA:44,1
DA:46,1
DA:49,1
DA:52,1
DA:55,1
DA:58,2
DA:60,1
DA:64,0
DA:65,0
DA:67,0
DA:70,0
DA:73,0
DA:76,0
DA:78,0
DA:82,1
DA:83,1
DA:84,2
DA:88,1
DA:89,1
DA:92,2
DA:93,2
DA:94,2
DA:95,3
DA:97,1
DA:105,3
DA:107,1
DA:108,1
DA:110,2
DA:114,1
DA:115,1
DA:116,1
DA:119,3
DA:121,5
DA:122,1
DA:124,2
DA:126,2
DA:127,1
DA:130,3
DA:131,4
DA:132,2
DA:133,2
DA:134,1
DA:135,1
DA:139,1
DA:140,1
DA:141,1
DA:145,2
DA:147,1
DA:149,1
DA:151,1
DA:155,1
DA:156,2
DA:157,5
DA:160,3
DA:161,2
DA:162,1
DA:164,3
DA:168,1
DA:169,1
DA:172,3
DA:173,1
DA:175,5
DA:176,2
DA:177,2
DA:178,1
DA:179,1
DA:184,1
DA:185,2
DA:186,3
DA:190,2
DA:193,3
DA:197,0
DA:202,0
DA:203,0
DA:206,0
DA:208,0
DA:209,0
DA:211,0
DA:212,0
DA:213,0
DA:215,0
DA:222,0
DA:225,0
DA:229,0
DA:230,0
DA:231,0
DA:232,0
DA:234,0
DA:243,1
DA:244,1
DA:245,2
DA:246,2
DA:247,1
DA:251,0
DA:253,0
DA:254,0
DA:256,0
DA:257,0
DA:259,0
DA:260,0
DA:262,0
DA:263,0
DA:266,0
DA:271,0
DA:272,0
DA:275,0
DA:276,0
DA:279,0
DA:281,0
DA:282,0
DA:284,0
DA:288,0
DA:289,0
DA:292,0
DA:293,0
DA:296,0
DA:298,0
DA:299,0
DA:301,0
LF:132
LH:82
end_of_record
SF:lib\data\sample_habits.dart
DA:10,3
DA:14,1
DA:20,1
DA:23,1
DA:29,1
DA:32,1
DA:38,1
DA:41,1
DA:47,1
DA:50,1
DA:56,1
DA:59,1
DA:65,1
DA:68,1
DA:74,1
DA:77,1
DA:83,1
DA:86,1
DA:92,1
DA:95,1
DA:101,1
DA:104,1
DA:110,1
DA:113,1
DA:119,1
DA:122,1
DA:128,1
DA:131,1
DA:137,1
DA:140,1
DA:146,1
DA:149,1
DA:155,1
DA:158,1
DA:164,1
DA:167,1
DA:173,1
DA:176,1
DA:182,1
DA:185,1
DA:191,1
DA:194,1
DA:200,1
DA:203,1
DA:209,1
DA:210,1
DA:211,1
DA:215,1
DA:221,1
DA:224,1
DA:230,1
DA:231,1
DA:232,1
DA:236,1
DA:242,1
DA:245,1
DA:251,1
DA:254,1
DA:260,1
DA:263,1
DA:269,1
DA:272,1
DA:278,1
DA:279,1
DA:280,1
DA:284,1
DA:290,1
DA:293,1
DA:299,1
DA:302,1
DA:308,1
DA:311,1
DA:317,1
DA:320,1
DA:326,1
DA:329,1
DA:335,1
DA:338,1
DA:344,1
DA:347,1
DA:353,1
DA:356,1
DA:362,1
DA:365,1
DA:371,1
DA:374,1
DA:380,1
DA:383,1
DA:389,1
DA:392,1
DA:398,1
DA:401,1
DA:407,1
DA:410,1
DA:416,1
DA:419,1
DA:425,1
DA:428,1
DA:434,1
DA:437,1
DA:443,1
DA:446,1
DA:452,1
DA:455,1
DA:461,1
DA:464,1
DA:470,1
DA:473,1
DA:479,1
DA:482,1
DA:488,1
DA:491,1
DA:497,1
DA:500,1
DA:506,1
DA:509,1
DA:515,1
DA:518,1
DA:524,1
DA:527,1
DA:533,1
DA:536,1
DA:542,1
DA:545,1
DA:551,1
DA:554,1
DA:560,1
DA:563,1
DA:569,1
DA:572,1
DA:578,1
DA:581,1
DA:587,1
DA:590,1
DA:596,1
DA:599,1
DA:605,1
DA:608,1
DA:614,1
DA:617,1
DA:623,1
DA:626,1
DA:632,1
DA:635,1
DA:641,1
DA:644,1
DA:650,1
DA:654,1
DA:660,1
DA:663,1
DA:669,1
DA:672,1
DA:678,1
DA:681,1
DA:687,1
DA:690,1
DA:696,1
DA:699,1
DA:705,1
DA:708,1
DA:714,1
DA:718,1
DA:724,1
DA:729,1
DA:735,1
DA:738,1
DA:744,1
DA:750,1
DA:756,1
DA:759,1
DA:765,1
DA:768,1
DA:774,1
DA:777,1
DA:783,1
DA:792,1
DA:798,1
DA:811,1
DA:817,1
DA:820,1
DA:826,1
DA:829,1
DA:835,1
DA:838,1
DA:844,1
DA:847,1
DA:853,1
DA:856,1
DA:862,1
DA:865,1
DA:871,1
DA:874,1
DA:880,1
DA:883,1
DA:889,1
DA:892,1
DA:898,1
DA:901,1
DA:907,1
DA:910,1
DA:916,1
DA:919,1
DA:925,1
DA:928,1
DA:934,1
DA:937,1
DA:943,1
DA:946,1
DA:952,1
DA:955,1
DA:961,1
DA:964,1
DA:970,1
DA:973,1
DA:979,1
DA:982,1
DA:988,1
DA:991,1
DA:997,1
DA:1000,1
DA:1006,1
DA:1009,1
DA:1015,1
DA:1018,1
DA:1024,1
DA:1027,1
DA:1033,1
DA:1036,1
DA:1042,1
DA:1045,1
DA:1051,1
DA:1054,1
DA:1060,1
DA:1063,1
DA:1069,1
DA:1072,1
DA:1078,1
DA:1081,1
DA:1087,1
DA:1090,1
DA:1096,1
DA:1099,1
DA:1105,1
DA:1108,1
DA:1114,1
DA:1117,1
DA:1123,1
DA:1126,1
DA:1132,1
DA:1135,1
DA:1141,1
DA:1144,1
DA:1150,1
DA:1153,1
DA:1159,1
DA:1162,1
DA:1168,1
DA:1171,1
DA:1177,1
DA:1180,1
DA:1186,1
DA:1189,1
DA:1195,1
DA:1198,1
DA:1204,1
DA:1207,1
DA:1213,1
DA:1216,1
DA:1222,1
DA:1225,1
DA:1231,1
DA:1234,1
DA:1240,1
DA:1243,1
DA:1249,1
DA:1252,1
DA:1258,1
DA:1261,1
DA:1267,1
DA:1270,1
DA:1276,1
DA:1279,1
DA:1285,1
DA:1288,1
DA:1294,1
DA:1297,1
DA:1303,1
DA:1306,1
DA:1312,1
LF:289
LH:289
end_of_record
SF:lib\models\sunnah_habit.dart
DA:6,0
DA:12,0
DA:13,0
DA:14,0
DA:16,0
DA:18,0
DA:21,0
DA:25,0
DA:26,0
DA:27,0
DA:28,0
DA:29,0
DA:33,0
DA:34,0
DA:35,0
DA:36,0
DA:37,0
DA:57,1
DA:74,0
DA:75,0
DA:79,0
DA:80,0
DA:81,0
LF:23
LH:1
end_of_record
SF:lib\firebase_options.dart
DA:18,0
DA:22,0
DA:23,0
DA:25,0
DA:27,0
DA:29,0
DA:31,0
DA:32,0
DA:37,0
LF:9
LH:0
end_of_record
SF:lib\models\checklist_item.dart
DA:18,0
DA:32,0
DA:33,0
DA:34,0
DA:35,0
DA:36,0
DA:37,0
DA:38,0
DA:39,0
DA:40,0
DA:41,0
DA:43,0
DA:48,0
DA:49,0
DA:50,0
DA:51,0
DA:52,0
DA:53,0
DA:54,0
DA:55,0
DA:56,0
DA:57,0
DA:58,0
DA:59,0
DA:64,0
DA:65,0
DA:66,0
DA:67,0
DA:68,0
DA:69,0
DA:70,0
DA:71,0
DA:72,0
DA:73,0
DA:74,0
DA:75,0
DA:80,0
DA:84,0
DA:85,0
DA:86,0
DA:87,0
DA:88,0
DA:89,0
DA:90,0
DA:91,0
DA:92,0
DA:93,0
DA:94,0
DA:100,0
DA:101,0
DA:102,0
DA:107,0
DA:108,0
DA:109,0
DA:113,0
DA:116,0
DA:117,0
DA:118,0
DA:120,0
DA:121,0
DA:123,0
DA:125,0
LF:62
LH:0
end_of_record
SF:lib\models\habit_item.dart
DA:6,0
LF:1
LH:0
end_of_record
SF:lib\services\api_service.dart
DA:9,0
DA:10,0
DA:11,0
DA:12,0
DA:13,0
DA:18,0
DA:19,0
DA:20,0
DA:21,0
DA:25,0
DA:26,0
DA:28,0
DA:33,0
DA:37,0
DA:38,0
DA:39,0
DA:41,0
DA:44,0
DA:45,0
DA:47,0
DA:54,0
DA:60,0
DA:61,0
DA:62,0
DA:63,0
DA:65,0
DA:69,0
DA:70,0
DA:74,0
DA:75,0
DA:81,0
DA:85,0
DA:89,0
DA:90,0
DA:94,0
DA:95,0
DA:101,0
DA:107,0
DA:116,0
DA:117,0
DA:123,0
DA:128,0
DA:129,0
DA:130,0
DA:131,0
DA:136,0
DA:144,0
DA:145,0
DA:146,0
DA:147,0
DA:148,0
DA:152,0
DA:156,0
LF:53
LH:0
end_of_record
SF:lib\services\firebase_service.dart
DA:9,0
DA:10,0
DA:11,0
DA:14,0
DA:15,0
DA:16,0
DA:21,0
DA:26,0
DA:30,0
DA:33,0
DA:36,0
DA:40,0
DA:43,0
DA:46,0
DA:47,0
DA:49,0
DA:55,0
DA:59,0
DA:66,0
DA:70,0
DA:77,0
DA:79,0
DA:82,0
DA:86,0
DA:89,0
DA:90,0
DA:91,0
DA:95,0
DA:99,0
DA:100,0
DA:104,0
LF:31
LH:0
end_of_record
SF:lib\services\checklist_service.dart
DA:21,2
DA:22,1
DA:27,1
DA:28,2
DA:32,0
DA:33,0
DA:35,0
DA:36,0
DA:37,0
DA:38,0
DA:41,0
DA:44,0
DA:45,0
DA:51,0
DA:52,0
DA:54,0
DA:55,0
DA:58,0
DA:62,0
DA:67,0
DA:68,0
DA:69,0
DA:70,0
DA:74,0
DA:75,0
DA:76,0
DA:77,0
DA:78,0
DA:82,0
DA:83,0
DA:84,0
DA:85,0
DA:89,0
DA:90,0
DA:92,0
DA:93,0
DA:94,0
DA:97,0
DA:98,0
DA:102,0
DA:106,0
DA:107,0
DA:110,0
DA:111,0
DA:114,0
DA:115,0
DA:116,0
DA:117,0
DA:120,0
DA:123,0
DA:124,0
DA:128,0
DA:129,0
DA:132,0
DA:135,0
DA:136,0
DA:142,0
DA:143,0
DA:145,0
DA:147,0
DA:151,0
DA:153,0
DA:154,0
DA:157,0
DA:162,0
DA:163,0
DA:165,0
DA:166,0
DA:167,0
DA:171,0
DA:172,0
DA:173,0
DA:175,0
DA:176,0
DA:177,0
DA:182,0
DA:189,0
DA:196,0
DA:197,0
DA:198,0
DA:199,0
DA:201,0
DA:204,0
DA:209,0
DA:210,0
DA:212,0
DA:215,0
DA:216,0
DA:218,0
DA:221,0
DA:222,0
DA:224,0
DA:225,0
DA:226,0
DA:227,0
DA:228,0
DA:229,0
DA:233,0
DA:236,0
DA:237,0
DA:239,0
DA:243,0
DA:244,0
DA:246,0
DA:247,0
DA:249,0
DA:251,0
DA:258,0
DA:259,0
DA:260,0
DA:261,0
DA:262,0
DA:263,0
DA:264,0
DA:265,0
DA:266,0
DA:267,0
DA:268,0
DA:272,0
DA:273,0
DA:274,0
DA:275,0
DA:279,0
DA:280,0
DA:281,0
DA:282,0
DA:283,0
DA:284,0
DA:288,0
DA:289,0
DA:293,0
DA:294,0
LF:132
LH:4
end_of_record
